1713537358893:help
1713539592502:What is the @Component annotation
1713539596233:q
1713539613070:q "What is the @Component annotation used for?"
1713544872385:q "What is the @TestRestClient annotation used for?"
1713545977920:/exit
1713545980781:exit
1713554810103:lear
1713554872071:What is the @Restcontroller annotation used for?
1713554884939:"What is the @RestController annotation used for?"
1713554909089:q "What is the @RestController annotation used for?"
1713554949679:exit
1713555123379:q "What is Spring Boot"
1713555342962:stacktrace
1713555709523:exit
1713555918686:q "What is Spring Boot"
1713555922245:stacktrace
1713556392854:q "What is Spring Boot"
1713556399349:stacktrace
1713556588232:q "What is Spring Boot"
1713556593166:stacktrace
1713556864022:q "What is Spring boot"
1713556870861:stacktrace
1713557100842:q "What is the @RestController annotation used for?"
1713557276284:q "Can you use @SpringBootTest with @WebMvcTest?"
1713784561299:q "What is the @RestController annotation used for?"
1713784570137:q "Can you use @SpringBootTest with @WebMvcTest?"
1713987712331:q "What is @TestRestClient"
1713987757692:q "What is @TestRestClient used for and can you provide a code example"
1713987798041:q "What is the @RestController annotaiton used for and can you provide a code example"
1713989077827:q "What is the new RestClient and how is it different than the RestTemplate. Please provide code examples."
1714846173763:q "In Spring Boot what is the difference between RestClient and RestTemplate"
1714846237417:q "Can you provide code example for each?"
1714846334127:q "Can you provide sample code for RestCLient and RestTemplate highlighting differences between them?"
1714846418119:help
1714846432293:q "What is the RestCLient in Spring?"
1714857963083:q "What is Spring Boot?"
1714858020440:q "Please provide a complete code example for a WebFlux application reporting time in current zone as well as UTC over restfull and graphql APIs"
1714858075404:q "Describe the function of a @Bean CommandLineRunner and when will it be invoked in the startup process"
1714858148950:q "What are recursive Generics in java?"
1714858168164:q "What is a constructor?"
1714858199642:q "Why are you referring to c++? What documents do you have access to?"
1714858245000:q "Which documents had c++ info?"
1714858282417:q "What was the source ? How was it included here?"
1714858303767:q "who are you?"
1714858341793:q "can you describe the documents you have access to?"
1714858437279:q
1714858455480:q "What is Lombok"
1714858911065:q "In Lombok, are there any filed decorators?"
1714859010139:q "What is the difference between a Mono and a Flux?"
1714859179685:q "What is Lombok?"
1714861973575:q "What can you tell me about Lombok?"
1714862005814:q "What is Lombok"
1714862048662:q "What is RestTemplate and how does it differ from RestClient?"
1714862247160:q "What is WebFlux?"
1714862696149:q "What is recursive generic?"
